<?xml version="1.0" encoding="UTF-8"?>
<!-- Generated by org.testng.reporters.JUnitXMLReporter -->
<testsuite ignored="0" hostname="DESKTOP-KGK6ASM" failures="1" tests="1" name="C:\Users\Lex\Desktop\git\po_frame" time="16.946" errors="0" timestamp="22 апр. 2022 16:45:21 GMT">
  <testcase classname="tests.searchappartment.SearchAppartmentTest" name="checkIsRedirectToListing" time="15.43">
    <failure type="java.lang.AssertionError" message="expected [19] but found [20]">
      <![CDATA[java.lang.AssertionError: expected [19] but found [20]
at pages.listrooms.ListPage.checkCountCards(ListPage.java:20)
at tests.searchappartment.SearchAppartmentTest.checkIsRedirectToListing(SearchAppartmentTest.java:19)
... Removed 35 stack frames]]>
    </failure>
  </testcase> <!-- checkIsRedirectToListing -->
</testsuite> <!-- C:\Users\Lex\Desktop\git\po_frame -->
